<?xml version="1.0" encoding="UTF-8"?>
<!-- Generated by org.testng.reporters.JUnitReportReporter -->
<testsuite skipped="0" hostname="Emis-MacBook-Pro.local" name="Tests" tests="5" failures="0" timestamp="2020-11-06T19:20:34 CST" time="4.049" errors="0">
  <testcase name="PutName_Test" time="0.526" classname="Tests"/>
  <system-out/>
  <testcase name="GetStatus_Test" time="0.529" classname="Tests"/>
  <system-out/>
  <testcase name="GetRandomNameNoAuth_Test" time="1.744" classname="Tests"/>
  <system-out/>
  <testcase name="GetRandomName_Test" time="0.700" classname="Tests"/>
  <system-out/>
  <testcase name="PostSameName_Test" time="0.550" classname="Tests"/>
  <system-out/>
</testsuite> <!-- Tests -->
